2024-07-13T00:20:42.484 application=api_v2 request_id=F-GdzmjcE3B036YAAAql [info] Sent 200 in 146µs on GET /api/v2/config/backend-version?
2024-07-13T00:20:42.490 application=api_v2 request_id=F-Gdzmjl0ZR2mSAAAAsF [info] Sent 200 in 7ms on GET /api/v2/stats/charts/transactions?
2024-07-13T00:20:42.530 application=api_v2 request_id=F-GdzmjZQJ85UOQAAAqF [info] Sent 200 in 48ms on GET /api/v2/main-page/indexing-status?
2024-07-13T00:20:42.532 application=api_v2 request_id=F-GdzmjgTfUpw0YAAArl [info] Sent 200 in 47ms on GET /api/v2/main-page/transactions?
2024-07-13T00:20:42.547 application=api_v2 request_id=F-GdzmjeeoP0EQIAAArF [info] Sent 200 in 65ms on GET /api/v2/main-page/blocks?
2024-07-13T00:20:51.070 application=api_v2 request_id=F-Gd0GhVJJ0TEfsAAAVh [info] Sent 200 in 8ms on GET /api/v2/main-page/indexing-status?
2024-07-13T00:20:51.344 application=api_v2 request_id=F-Gd0HjRU3p-4DUAAAxF [info] Sent 200 in 6ms on GET /api/v2/transactions/stats?
2024-07-13T00:20:51.388 application=api_v2 request_id=F-Gd0Hq3fNYwUagAAAOH [info] Sent 200 in 18ms on GET /api/v2/transactions?filter=validated
2024-07-13T00:21:51.368 application=api_v2 request_id=F-Gd3nLPRfpV-p4AABFH [info] Sent 200 in 242µs on GET /api/v2/config/backend-version?
2024-07-13T00:21:51.376 application=api_v2 request_id=F-Gd3nLBgRN2aPcAABjF [info] Sent 200 in 9ms on GET /api/v2/main-page/indexing-status?
2024-07-13T00:21:51.810 application=api_v2 request_id=F-Gd3oyqBl5cMtEAABGH [info] Sent 200 in 8ms on GET /api/v2/transactions/stats?
2024-07-13T00:21:51.856 application=api_v2 request_id=F-Gd3o6jPngzBzoAABHH [info] Sent 200 in 21ms on GET /api/v2/transactions?filter=validated
2024-07-13T00:22:24.378 application=api_v2 request_id=F-Gd5iJyMRQ_x4cAAB9l [info] Sent 200 in 122µs on GET /api/v2/config/backend-version?
2024-07-13T00:22:24.388 application=api_v2 request_id=F-Gd5iJYc-PpyRYAAB9F [info] Sent 200 in 11ms on GET /api/v2/main-page/indexing-status?
2024-07-13T00:22:24.820 application=api_v2 request_id=F-Gd5jxI0nWKpNAAAB-F [info] Sent 200 in 8ms on GET /api/v2/transactions/stats?
2024-07-13T00:22:24.862 application=api_v2 request_id=F-Gd5j6JnP1CNAQAAB-l [info] Sent 200 in 12ms on GET /api/v2/transactions?filter=validated
2024-07-13T00:22:29.083 application=api_v2 request_id=F-Gd5zmtbzajERwAACDF [info] Sent 200 in 19ms on GET /api/v2/transactions/0x9d069e8f323c43ff42630ee28c3062c0dc23abadb94b4be828311cb3d978c6de?
2024-07-13T00:22:31.290 application=api_v2 request_id=F-Gd57xDSTXC0CcAACEF [info] Sent 200 in 35ms on GET /api/v2/transactions/0x9d069e8f323c43ff42630ee28c3062c0dc23abadb94b4be828311cb3d978c6de/state-changes?
2024-07-13T00:22:36.611 application=api_v2 request_id=F-Gd6PqG8hnp1Q4AAAtI [info] Sent 200 in 16ms on GET /api/v2/addresses/0xC014BA5EC014ba5ec014Ba5EC014ba5Ec014bA5E/transactions?
2024-07-13T00:22:36.615 application=api_v2 request_id=F-Gd6Pp_r92Z6Z0AACJl [info] Sent 200 in 21ms on GET /api/v2/addresses/0xC014BA5EC014ba5ec014Ba5EC014ba5Ec014bA5E/tabs-counters?
2024-07-13T00:22:36.624 application=api_v2 request_id=F-Gd6Pp_sFpT9HoAABcn [info] Sent 200 in 29ms on GET /api/v2/addresses/0xC014BA5EC014ba5ec014Ba5EC014ba5Ec014bA5E?
2024-07-13T00:22:36.658 application=api_v2 request_id=F-Gd6P4rECtlJTgAACLF [info] Sent 200 in 2ms on GET /api/v2/addresses/0xC014BA5EC014ba5ec014Ba5EC014ba5Ec014bA5E/counters?
2024-07-13T00:22:39.805 application=api_v2 request_id=F-Gd6bnlVsutBn8AABzB [info] Sent 200 in 233µs on GET /api/v2/config/backend-version?
2024-07-13T00:22:39.805 application=api_v2 request_id=F-Gd6bkVW_SGiUgAACSE [info] Sent 200 in 13ms on GET /api/v2/stats/charts/transactions?
2024-07-13T00:22:39.808 application=api_v2 request_id=F-Gd6bkV4O4LmpMAACNF [info] Sent 200 in 16ms on GET /api/v2/main-page/indexing-status?
2024-07-13T00:22:39.813 application=api_v2 request_id=F-Gd6bnkdBF4w2IAACSk [info] Sent 200 in 8ms on GET /api/v2/main-page/transactions?
2024-07-13T00:22:39.818 application=api_v2 request_id=F-Gd6bkk9r9RSGIAAByh [info] Sent 200 in 25ms on GET /api/v2/main-page/blocks?
2024-07-13T00:22:51.121 application=api_v2 request_id=F-Gd7FwMrz5C_SgAABlD [info] Sent 200 in 4ms on GET /api/v2/transactions/stats?
2024-07-13T00:22:51.122 application=api_v2 request_id=F-Gd7FwMrsEovRwAACdE [info] Sent 200 in 5ms on GET /api/v2/main-page/indexing-status?
2024-07-13T00:22:51.165 application=api_v2 request_id=F-Gd7F5Ehm4tFiMAACal [info] Sent 200 in 12ms on GET /api/v2/transactions?filter=validated
2024-07-13T00:25:17.799 application=api_v2 request_id=F-GeDoLy2-WSrG0AADHi [info] Sent 200 in 277µs on GET /api/v2/config/backend-version?
2024-07-13T00:25:17.808 application=api_v2 request_id=F-GeDoLYnKiTCT8AADwl [info] Sent 200 in 10ms on GET /api/v2/main-page/indexing-status?
2024-07-13T00:25:18.588 application=api_v2 request_id=F-GeDrEY0uWbBdsAAE-k [info] Sent 200 in 15ms on GET /api/v2/transactions/stats?
2024-07-13T00:25:18.622 application=api_v2 request_id=F-GeDrNI1V0xPjYAADKi [info] Sent 200 in 12ms on GET /api/v2/transactions?filter=validated
2024-07-13T00:25:28.121 application=api_v2 request_id=F-GeEOo72ew9cAMAADMi [info] Sent 200 in 90µs on GET /api/v2/config/backend-version?
2024-07-13T00:25:28.127 application=api_v2 request_id=F-GeEOojhWi6ISkAAD5l [info] Sent 200 in 6ms on GET /api/v2/main-page/indexing-status?
2024-07-13T00:25:28.487 application=api_v2 request_id=F-GeEP-1re9Tk_4AAD6F [info] Sent 200 in 5ms on GET /api/v2/transactions/stats?
2024-07-13T00:25:28.524 application=api_v2 request_id=F-GeEQGde7PFqHcAAD6l [info] Sent 200 in 10ms on GET /api/v2/transactions?filter=validated
2024-07-13T00:27:27.329 application=api_v2 request_id=F-GeLKt43wM7HbIAAEhC [info] Sent 200 in 377µs on GET /api/v2/config/backend-version?
2024-07-13T00:27:27.338 application=api_v2 request_id=F-GeLKthyIdNHgEAAFal [info] Sent 200 in 10ms on GET /api/v2/main-page/indexing-status?
2024-07-13T00:27:28.089 application=api_v2 request_id=F-GeLNh8-mbht1cAAF-h [info] Sent 200 in 5ms on GET /api/v2/transactions/stats?
2024-07-13T00:27:28.129 application=api_v2 request_id=F-GeLNqHxqoM15MAAEiC [info] Sent 200 in 11ms on GET /api/v2/transactions?filter=validated
2024-07-13T00:32:20.315 application=api_v2 request_id=F-GecOKeMd2GGGQAAIsF [info] Sent 200 in 295µs on GET /api/v2/config/backend-version?
2024-07-13T00:32:20.326 application=api_v2 request_id=F-GecOKExg071KIAAIrl [info] Sent 200 in 12ms on GET /api/v2/main-page/indexing-status?
2024-07-13T00:32:21.219 application=api_v2 request_id=F-GecRglgBe0vBMAAItl [info] Sent 200 in 5ms on GET /api/v2/transactions/stats?
2024-07-13T00:32:21.279 application=api_v2 request_id=F-GecRskGUdgBEYAAJ4h [info] Sent 200 in 15ms on GET /api/v2/transactions?filter=validated
