2024-07-13T00:05:05.774 application=explorer [info] tx/per day chart: collect records for txs per day stats
2024-07-13T00:05:05.774 application=explorer [info] tx/per day chart: earliest date 2024-07-04 00:00:00Z
2024-07-13T00:05:05.774 application=explorer [info] tx/per day chart: latest date 2024-07-04 23:59:59Z
2024-07-13T00:05:05.826 application=explorer [info] tx/per day chart: timestamp cannot be converted to min/max blocks, trying to find min/max blocks through a fallback option}
2024-07-13T00:05:05.832 application=explorer [warning] tx/per day chart: failed to get min/max blocks through a fallback option}
2024-07-13T00:05:05.832 application=explorer [info] tx/per day chart: collect records for txs per day stats
2024-07-13T00:05:05.832 application=explorer [info] tx/per day chart: earliest date 2024-07-05 00:00:00Z
2024-07-13T00:05:05.832 application=explorer [info] tx/per day chart: latest date 2024-07-05 23:59:59Z
2024-07-13T00:05:05.837 application=explorer [info] tx/per day chart: timestamp cannot be converted to min/max blocks, trying to find min/max blocks through a fallback option}
2024-07-13T00:05:05.840 application=explorer [warning] tx/per day chart: failed to get min/max blocks through a fallback option}
2024-07-13T00:05:05.840 application=explorer [info] tx/per day chart: collect records for txs per day stats
2024-07-13T00:05:05.840 application=explorer [info] tx/per day chart: earliest date 2024-07-06 00:00:00Z
2024-07-13T00:05:05.840 application=explorer [info] tx/per day chart: latest date 2024-07-06 23:59:59Z
2024-07-13T00:05:05.844 application=explorer [info] tx/per day chart: timestamp cannot be converted to min/max blocks, trying to find min/max blocks through a fallback option}
2024-07-13T00:05:05.848 application=explorer [warning] tx/per day chart: failed to get min/max blocks through a fallback option}
2024-07-13T00:05:05.848 application=explorer [info] tx/per day chart: collect records for txs per day stats
2024-07-13T00:05:05.848 application=explorer [info] tx/per day chart: earliest date 2024-07-07 00:00:00Z
2024-07-13T00:05:05.848 application=explorer [info] tx/per day chart: latest date 2024-07-07 23:59:59Z
2024-07-13T00:05:05.858 application=explorer [info] tx/per day chart: timestamp cannot be converted to min/max blocks, trying to find min/max blocks through a fallback option}
2024-07-13T00:05:05.864 application=explorer [warning] tx/per day chart: failed to get min/max blocks through a fallback option}
2024-07-13T00:05:05.864 application=explorer [info] tx/per day chart: collect records for txs per day stats
2024-07-13T00:05:05.864 application=explorer [info] tx/per day chart: earliest date 2024-07-08 00:00:00Z
2024-07-13T00:05:05.864 application=explorer [info] tx/per day chart: latest date 2024-07-08 23:59:59Z
2024-07-13T00:05:05.866 application=explorer [info] SanitizeIncorrectNFTTokenTransfers deletion finished, continuing with blocks re-fetch
2024-07-13T00:05:05.870 application=explorer [info] SanitizeIncorrectWETHTokenTransfers deletion of duplicates finished, continuing with deletion of not whitelisted weth transfers
2024-07-13T00:05:05.872 application=explorer [info] tx/per day chart: timestamp cannot be converted to min/max blocks, trying to find min/max blocks through a fallback option}
2024-07-13T00:05:05.883 application=explorer [warning] tx/per day chart: failed to get min/max blocks through a fallback option}
2024-07-13T00:05:05.883 application=explorer [info] tx/per day chart: collect records for txs per day stats
2024-07-13T00:05:05.883 application=explorer [info] tx/per day chart: earliest date 2024-07-09 00:00:00Z
2024-07-13T00:05:05.883 application=explorer [info] tx/per day chart: latest date 2024-07-09 23:59:59Z
2024-07-13T00:05:05.891 application=explorer [info] SanitizeIncorrectNFTTokenTransfers migration finished
2024-07-13T00:05:05.898 application=explorer [info] tx/per day chart: timestamp cannot be converted to min/max blocks, trying to find min/max blocks through a fallback option}
2024-07-13T00:05:05.900 application=explorer [warning] tx/per day chart: failed to get min/max blocks through a fallback option}
2024-07-13T00:05:05.900 application=explorer [info] tx/per day chart: collect records for txs per day stats
2024-07-13T00:05:05.900 application=explorer [info] tx/per day chart: earliest date 2024-07-10 00:00:00Z
2024-07-13T00:05:05.900 application=explorer [info] tx/per day chart: latest date 2024-07-10 23:59:59Z
2024-07-13T00:05:05.903 application=explorer [info] tx/per day chart: timestamp cannot be converted to min/max blocks, trying to find min/max blocks through a fallback option}
2024-07-13T00:05:05.905 application=explorer [warning] tx/per day chart: failed to get min/max blocks through a fallback option}
2024-07-13T00:05:05.905 application=explorer [info] tx/per day chart: collect records for txs per day stats
2024-07-13T00:05:05.905 application=explorer [info] tx/per day chart: earliest date 2024-07-11 00:00:00Z
2024-07-13T00:05:05.905 application=explorer [info] tx/per day chart: latest date 2024-07-11 23:59:59Z
2024-07-13T00:05:05.909 application=explorer [info] tx/per day chart: timestamp cannot be converted to min/max blocks, trying to find min/max blocks through a fallback option}
2024-07-13T00:05:05.911 application=explorer [warning] tx/per day chart: failed to get min/max blocks through a fallback option}
2024-07-13T00:05:05.911 application=explorer [info] tx/per day chart: collect records for txs per day stats
2024-07-13T00:05:05.911 application=explorer [info] tx/per day chart: earliest date 2024-07-12 00:00:00Z
2024-07-13T00:05:05.911 application=explorer [info] tx/per day chart: latest date 2024-07-12 23:59:59Z
2024-07-13T00:05:05.916 application=explorer [info] tx/per day chart: timestamp cannot be converted to min/max blocks, trying to find min/max blocks through a fallback option}
2024-07-13T00:05:05.918 application=explorer [warning] tx/per day chart: failed to get min/max blocks through a fallback option}
2024-07-13T00:05:05.918 application=explorer [info] tx/per day chart: collect records for txs per day stats
2024-07-13T00:05:05.918 application=explorer [info] tx/per day chart: records collected [%{date: ~D[2024-07-12], gas_used: 0, number_of_transactions: 0, total_fee: 0}, %{date: ~D[2024-07-11], gas_used: 0, number_of_transactions: 0, total_fee: 0}, %{date: ~D[2024-07-10], gas_used: 0, number_of_transactions: 0, total_fee: 0}, %{date: ~D[2024-07-09], gas_used: 0, number_of_transactions: 0, total_fee: 0}, %{date: ~D[2024-07-08], gas_used: 0, number_of_transactions: 0, total_fee: 0}, %{date: ~D[2024-07-07], gas_used: 0, number_of_transactions: 0, total_fee: 0}, %{date: ~D[2024-07-06], gas_used: 0, number_of_transactions: 0, total_fee: 0}, %{date: ~D[2024-07-05], gas_used: 0, number_of_transactions: 0, total_fee: 0}, %{date: ~D[2024-07-04], gas_used: 0, number_of_transactions: 0, total_fee: 0}]
2024-07-13T00:05:05.918 application=explorer [info] tx/per day chart: save records
2024-07-13T00:05:05.921 application=explorer [info] tx/per day chart: number of inserted 10
2024-07-13T00:07:05.773 application=explorer [info] Fetching precompiled config path: nil.
2024-07-13T00:07:05.773 application=explorer [warning] Genesis data is not fetched. Neither chain spec path or precompiles config path are set.
2024-07-13T00:20:38.840 application=explorer [info] tx/per day chart: collect records for txs per day stats
2024-07-13T00:20:38.840 application=explorer [info] tx/per day chart: earliest date 2024-07-04 00:00:00Z
2024-07-13T00:20:38.840 application=explorer [info] tx/per day chart: latest date 2024-07-04 23:59:59Z
2024-07-13T00:20:38.910 application=explorer [info] tx/per day chart: timestamp cannot be converted to min/max blocks, trying to find min/max blocks through a fallback option}
2024-07-13T00:20:38.917 application=explorer [warning] tx/per day chart: failed to get min/max blocks through a fallback option}
2024-07-13T00:20:38.917 application=explorer [info] tx/per day chart: collect records for txs per day stats
2024-07-13T00:20:38.917 application=explorer [info] tx/per day chart: earliest date 2024-07-05 00:00:00Z
2024-07-13T00:20:38.917 application=explorer [info] tx/per day chart: latest date 2024-07-05 23:59:59Z
2024-07-13T00:20:38.923 application=explorer [info] tx/per day chart: timestamp cannot be converted to min/max blocks, trying to find min/max blocks through a fallback option}
2024-07-13T00:20:38.927 application=explorer [warning] tx/per day chart: failed to get min/max blocks through a fallback option}
2024-07-13T00:20:38.927 application=explorer [info] tx/per day chart: collect records for txs per day stats
2024-07-13T00:20:38.927 application=explorer [info] tx/per day chart: earliest date 2024-07-06 00:00:00Z
2024-07-13T00:20:38.927 application=explorer [info] tx/per day chart: latest date 2024-07-06 23:59:59Z
2024-07-13T00:20:38.932 application=explorer [info] tx/per day chart: timestamp cannot be converted to min/max blocks, trying to find min/max blocks through a fallback option}
2024-07-13T00:20:38.936 application=explorer [warning] tx/per day chart: failed to get min/max blocks through a fallback option}
2024-07-13T00:20:38.936 application=explorer [info] tx/per day chart: collect records for txs per day stats
2024-07-13T00:20:38.936 application=explorer [info] tx/per day chart: earliest date 2024-07-07 00:00:00Z
2024-07-13T00:20:38.936 application=explorer [info] tx/per day chart: latest date 2024-07-07 23:59:59Z
2024-07-13T00:20:38.947 application=explorer [info] tx/per day chart: timestamp cannot be converted to min/max blocks, trying to find min/max blocks through a fallback option}
2024-07-13T00:20:38.965 application=explorer [warning] tx/per day chart: failed to get min/max blocks through a fallback option}
2024-07-13T00:20:38.965 application=explorer [info] tx/per day chart: collect records for txs per day stats
2024-07-13T00:20:38.965 application=explorer [info] tx/per day chart: earliest date 2024-07-08 00:00:00Z
2024-07-13T00:20:38.965 application=explorer [info] tx/per day chart: latest date 2024-07-08 23:59:59Z
2024-07-13T00:20:38.976 application=explorer [info] tx/per day chart: timestamp cannot be converted to min/max blocks, trying to find min/max blocks through a fallback option}
2024-07-13T00:20:38.977 application=explorer [info] SanitizeIncorrectWETHTokenTransfers deletion of duplicates finished, continuing with deletion of not whitelisted weth transfers
2024-07-13T00:20:38.982 application=explorer [warning] tx/per day chart: failed to get min/max blocks through a fallback option}
2024-07-13T00:20:38.982 application=explorer [info] tx/per day chart: collect records for txs per day stats
2024-07-13T00:20:38.982 application=explorer [info] tx/per day chart: earliest date 2024-07-09 00:00:00Z
2024-07-13T00:20:38.982 application=explorer [info] tx/per day chart: latest date 2024-07-09 23:59:59Z
2024-07-13T00:20:38.986 application=explorer [info] tx/per day chart: timestamp cannot be converted to min/max blocks, trying to find min/max blocks through a fallback option}
2024-07-13T00:20:38.989 application=explorer [warning] tx/per day chart: failed to get min/max blocks through a fallback option}
2024-07-13T00:20:38.989 application=explorer [info] tx/per day chart: collect records for txs per day stats
2024-07-13T00:20:38.989 application=explorer [info] tx/per day chart: earliest date 2024-07-10 00:00:00Z
2024-07-13T00:20:38.989 application=explorer [info] tx/per day chart: latest date 2024-07-10 23:59:59Z
2024-07-13T00:20:38.993 application=explorer [info] tx/per day chart: timestamp cannot be converted to min/max blocks, trying to find min/max blocks through a fallback option}
2024-07-13T00:20:38.996 application=explorer [warning] tx/per day chart: failed to get min/max blocks through a fallback option}
2024-07-13T00:20:38.996 application=explorer [info] tx/per day chart: collect records for txs per day stats
2024-07-13T00:20:38.996 application=explorer [info] tx/per day chart: earliest date 2024-07-11 00:00:00Z
2024-07-13T00:20:38.996 application=explorer [info] tx/per day chart: latest date 2024-07-11 23:59:59Z
2024-07-13T00:20:39.000 application=explorer [info] tx/per day chart: timestamp cannot be converted to min/max blocks, trying to find min/max blocks through a fallback option}
2024-07-13T00:20:39.003 application=explorer [warning] tx/per day chart: failed to get min/max blocks through a fallback option}
2024-07-13T00:20:39.003 application=explorer [info] tx/per day chart: collect records for txs per day stats
2024-07-13T00:20:39.003 application=explorer [info] tx/per day chart: earliest date 2024-07-12 00:00:00Z
2024-07-13T00:20:39.003 application=explorer [info] tx/per day chart: latest date 2024-07-12 23:59:59Z
2024-07-13T00:20:39.007 application=explorer [info] tx/per day chart: timestamp cannot be converted to min/max blocks, trying to find min/max blocks through a fallback option}
2024-07-13T00:20:39.010 application=explorer [warning] tx/per day chart: failed to get min/max blocks through a fallback option}
2024-07-13T00:20:39.010 application=explorer [info] tx/per day chart: collect records for txs per day stats
2024-07-13T00:20:39.010 application=explorer [info] tx/per day chart: records collected [%{date: ~D[2024-07-12], gas_used: 0, number_of_transactions: 0, total_fee: 0}, %{date: ~D[2024-07-11], gas_used: 0, number_of_transactions: 0, total_fee: 0}, %{date: ~D[2024-07-10], gas_used: 0, number_of_transactions: 0, total_fee: 0}, %{date: ~D[2024-07-09], gas_used: 0, number_of_transactions: 0, total_fee: 0}, %{date: ~D[2024-07-08], gas_used: 0, number_of_transactions: 0, total_fee: 0}, %{date: ~D[2024-07-07], gas_used: 0, number_of_transactions: 0, total_fee: 0}, %{date: ~D[2024-07-06], gas_used: 0, number_of_transactions: 0, total_fee: 0}, %{date: ~D[2024-07-05], gas_used: 0, number_of_transactions: 0, total_fee: 0}, %{date: ~D[2024-07-04], gas_used: 0, number_of_transactions: 0, total_fee: 0}]
2024-07-13T00:20:39.010 application=explorer [info] tx/per day chart: save records
2024-07-13T00:20:39.014 application=explorer [info] tx/per day chart: number of inserted 10
2024-07-13T00:22:36.601 application=explorer [info] Time consumed for transactions_to_count_task for 0xc014ba5ec014ba5ec014ba5ec014ba5ec014ba5e is 1ms
2024-07-13T00:22:36.601 application=explorer [info] Time consumed for transactions_created_contract_count_task for 0xc014ba5ec014ba5ec014ba5ec014ba5ec014ba5e is 2ms
2024-07-13T00:22:36.601 application=explorer [info] Time consumed for token_transfers counter task for 0xc014ba5ec014ba5ec014ba5ec014ba5ec014ba5e is 1ms
2024-07-13T00:22:36.601 application=explorer [info] Time consumed for transactions_from_count_task for 0xc014ba5ec014ba5ec014ba5ec014ba5ec014ba5e is 2ms
2024-07-13T00:22:36.602 application=explorer [info] Time consumed for validations counter task for 0xc014ba5ec014ba5ec014ba5ec014ba5ec014ba5e is 3ms
2024-07-13T00:22:36.605 application=explorer [info] Time consumed for withdrawals counter task for 0xc014ba5ec014ba5ec014ba5ec014ba5ec014ba5e is 5ms
2024-07-13T00:22:36.606 application=explorer [info] Time consumed for token_balances counter task for 0xc014ba5ec014ba5ec014ba5ec014ba5ec014ba5e is 6ms
2024-07-13T00:22:36.609 application=explorer [info] Time consumed for logs counter task for 0xc014ba5ec014ba5ec014ba5ec014ba5ec014ba5e is 9ms
2024-07-13T00:22:36.615 application=explorer [info] Time consumed for internal_txs counter task for 0xc014ba5ec014ba5ec014ba5ec014ba5ec014ba5e is 15ms
2024-07-13T00:22:38.831 application=explorer [info] Fetching precompiled config path: nil.
2024-07-13T00:22:38.831 application=explorer [warning] Genesis data is not fetched. Neither chain spec path or precompiles config path are set.
