2024-07-13T00:05:05.890 application=indexer fetcher=block_catchup missing_block_count=0 shrunk=false [info] Index already caught up.
2024-07-13T00:05:05.890 application=indexer fetcher=block_catchup [info] Checking if index needs to catch up in 5000ms.
2024-07-13T00:05:10.893 application=indexer fetcher=block_catchup missing_block_count=0 shrunk=false [info] Index already caught up.
2024-07-13T00:05:10.893 application=indexer fetcher=block_catchup [info] Checking if index needs to catch up in 10000ms.
2024-07-13T00:05:15.886 application=indexer fetcher=empty_blocks_to_refetch [info] Start sanitizing of empty blocks. Batch size is 100
2024-07-13T00:05:15.906 application=indexer fetcher=empty_blocks_to_refetch [info] Batch of empty blocks is sanitized
2024-07-13T00:05:20.896 application=indexer fetcher=block_catchup missing_block_count=0 shrunk=false [info] Index already caught up.
2024-07-13T00:05:20.896 application=indexer fetcher=block_catchup [info] Checking if index needs to catch up in 20000ms.
2024-07-13T00:05:25.909 application=indexer fetcher=empty_blocks_to_refetch [info] Start sanitizing of empty blocks. Batch size is 100
2024-07-13T00:05:25.919 application=indexer fetcher=empty_blocks_to_refetch [info] Batch of empty blocks is sanitized
2024-07-13T00:05:35.921 application=indexer fetcher=empty_blocks_to_refetch [info] Start sanitizing of empty blocks. Batch size is 100
2024-07-13T00:05:35.933 application=indexer fetcher=empty_blocks_to_refetch [info] Batch of empty blocks is sanitized
2024-07-13T00:05:40.900 application=indexer fetcher=block_catchup missing_block_count=0 shrunk=false [info] Index already caught up.
2024-07-13T00:05:40.900 application=indexer fetcher=block_catchup [info] Checking if index needs to catch up in 25000ms.
2024-07-13T00:05:45.940 application=indexer fetcher=empty_blocks_to_refetch [info] Start sanitizing of empty blocks. Batch size is 100
2024-07-13T00:05:45.961 application=indexer fetcher=empty_blocks_to_refetch [info] Batch of empty blocks is sanitized
2024-07-13T00:05:55.962 application=indexer fetcher=empty_blocks_to_refetch [info] Start sanitizing of empty blocks. Batch size is 100
2024-07-13T00:05:55.977 application=indexer fetcher=empty_blocks_to_refetch [info] Batch of empty blocks is sanitized
2024-07-13T00:06:05.905 application=indexer fetcher=block_catchup missing_block_count=0 shrunk=false [info] Index already caught up.
2024-07-13T00:06:05.905 application=indexer fetcher=block_catchup [info] Checking if index needs to catch up in 25000ms.
2024-07-13T00:06:05.980 application=indexer fetcher=empty_blocks_to_refetch [info] Start sanitizing of empty blocks. Batch size is 100
2024-07-13T00:06:05.994 application=indexer fetcher=empty_blocks_to_refetch [info] Batch of empty blocks is sanitized
2024-07-13T00:06:15.996 application=indexer fetcher=empty_blocks_to_refetch [info] Start sanitizing of empty blocks. Batch size is 100
2024-07-13T00:06:16.002 application=indexer fetcher=empty_blocks_to_refetch [info] Batch of empty blocks is sanitized
2024-07-13T00:06:26.004 application=indexer fetcher=empty_blocks_to_refetch [info] Start sanitizing of empty blocks. Batch size is 100
2024-07-13T00:06:26.017 application=indexer fetcher=empty_blocks_to_refetch [info] Batch of empty blocks is sanitized
2024-07-13T00:06:30.910 application=indexer fetcher=block_catchup missing_block_count=0 shrunk=false [info] Index already caught up.
2024-07-13T00:06:30.910 application=indexer fetcher=block_catchup [info] Checking if index needs to catch up in 25000ms.
2024-07-13T00:06:36.023 application=indexer fetcher=empty_blocks_to_refetch [info] Start sanitizing of empty blocks. Batch size is 100
2024-07-13T00:06:36.039 application=indexer fetcher=empty_blocks_to_refetch [info] Batch of empty blocks is sanitized
2024-07-13T00:06:46.040 application=indexer fetcher=empty_blocks_to_refetch [info] Start sanitizing of empty blocks. Batch size is 100
2024-07-13T00:06:46.057 application=indexer fetcher=empty_blocks_to_refetch [info] Batch of empty blocks is sanitized
2024-07-13T00:06:55.913 application=indexer fetcher=block_catchup missing_block_count=0 shrunk=false [info] Index already caught up.
2024-07-13T00:06:55.913 application=indexer fetcher=block_catchup [info] Checking if index needs to catch up in 25000ms.
2024-07-13T00:06:56.062 application=indexer fetcher=empty_blocks_to_refetch [info] Start sanitizing of empty blocks. Batch size is 100
2024-07-13T00:06:56.075 application=indexer fetcher=empty_blocks_to_refetch [info] Batch of empty blocks is sanitized
2024-07-13T00:07:06.077 application=indexer fetcher=empty_blocks_to_refetch [info] Start sanitizing of empty blocks. Batch size is 100
2024-07-13T00:07:06.089 application=indexer fetcher=empty_blocks_to_refetch [info] Batch of empty blocks is sanitized
2024-07-13T00:07:16.091 application=indexer fetcher=empty_blocks_to_refetch [info] Start sanitizing of empty blocks. Batch size is 100
2024-07-13T00:07:16.100 application=indexer fetcher=empty_blocks_to_refetch [info] Batch of empty blocks is sanitized
2024-07-13T00:07:20.917 application=indexer fetcher=block_catchup missing_block_count=0 shrunk=false [info] Index already caught up.
2024-07-13T00:07:20.918 application=indexer fetcher=block_catchup [info] Checking if index needs to catch up in 25000ms.
2024-07-13T00:07:26.101 application=indexer fetcher=empty_blocks_to_refetch [info] Start sanitizing of empty blocks. Batch size is 100
2024-07-13T00:07:26.109 application=indexer fetcher=empty_blocks_to_refetch [info] Batch of empty blocks is sanitized
2024-07-13T00:07:36.111 application=indexer fetcher=empty_blocks_to_refetch [info] Start sanitizing of empty blocks. Batch size is 100
2024-07-13T00:07:36.121 application=indexer fetcher=empty_blocks_to_refetch [info] Batch of empty blocks is sanitized
2024-07-13T00:07:45.922 application=indexer fetcher=block_catchup missing_block_count=0 shrunk=false [info] Index already caught up.
2024-07-13T00:07:45.922 application=indexer fetcher=block_catchup [info] Checking if index needs to catch up in 25000ms.
2024-07-13T00:07:46.122 application=indexer fetcher=empty_blocks_to_refetch [info] Start sanitizing of empty blocks. Batch size is 100
2024-07-13T00:07:46.128 application=indexer fetcher=empty_blocks_to_refetch [info] Batch of empty blocks is sanitized
2024-07-13T00:07:56.130 application=indexer fetcher=empty_blocks_to_refetch [info] Start sanitizing of empty blocks. Batch size is 100
2024-07-13T00:07:56.137 application=indexer fetcher=empty_blocks_to_refetch [info] Batch of empty blocks is sanitized
2024-07-13T00:08:06.139 application=indexer fetcher=empty_blocks_to_refetch [info] Start sanitizing of empty blocks. Batch size is 100
2024-07-13T00:08:06.147 application=indexer fetcher=empty_blocks_to_refetch [info] Batch of empty blocks is sanitized
2024-07-13T00:08:10.926 application=indexer fetcher=block_catchup missing_block_count=0 shrunk=false [info] Index already caught up.
2024-07-13T00:08:10.926 application=indexer fetcher=block_catchup [info] Checking if index needs to catch up in 25000ms.
2024-07-13T00:08:16.148 application=indexer fetcher=empty_blocks_to_refetch [info] Start sanitizing of empty blocks. Batch size is 100
2024-07-13T00:08:16.156 application=indexer fetcher=empty_blocks_to_refetch [info] Batch of empty blocks is sanitized
2024-07-13T00:08:26.158 application=indexer fetcher=empty_blocks_to_refetch [info] Start sanitizing of empty blocks. Batch size is 100
2024-07-13T00:08:26.168 application=indexer fetcher=empty_blocks_to_refetch [info] Batch of empty blocks is sanitized
2024-07-13T00:08:35.932 application=indexer fetcher=block_catchup missing_block_count=0 shrunk=false [info] Index already caught up.
2024-07-13T00:08:35.932 application=indexer fetcher=block_catchup [info] Checking if index needs to catch up in 25000ms.
2024-07-13T00:08:36.170 application=indexer fetcher=empty_blocks_to_refetch [info] Start sanitizing of empty blocks. Batch size is 100
2024-07-13T00:08:36.175 application=indexer fetcher=empty_blocks_to_refetch [info] Batch of empty blocks is sanitized
2024-07-13T00:08:46.179 application=indexer fetcher=empty_blocks_to_refetch [info] Start sanitizing of empty blocks. Batch size is 100
2024-07-13T00:08:46.186 application=indexer fetcher=empty_blocks_to_refetch [info] Batch of empty blocks is sanitized
2024-07-13T00:08:56.189 application=indexer fetcher=empty_blocks_to_refetch [info] Start sanitizing of empty blocks. Batch size is 100
2024-07-13T00:08:56.197 application=indexer fetcher=empty_blocks_to_refetch [info] Batch of empty blocks is sanitized
2024-07-13T00:09:00.939 application=indexer fetcher=block_catchup missing_block_count=0 shrunk=false [info] Index already caught up.
2024-07-13T00:09:00.939 application=indexer fetcher=block_catchup [info] Checking if index needs to catch up in 25000ms.
2024-07-13T00:09:06.198 application=indexer fetcher=empty_blocks_to_refetch [info] Start sanitizing of empty blocks. Batch size is 100
2024-07-13T00:09:06.211 application=indexer fetcher=empty_blocks_to_refetch [info] Batch of empty blocks is sanitized
2024-07-13T00:09:16.214 application=indexer fetcher=empty_blocks_to_refetch [info] Start sanitizing of empty blocks. Batch size is 100
2024-07-13T00:09:16.228 application=indexer fetcher=empty_blocks_to_refetch [info] Batch of empty blocks is sanitized
2024-07-13T00:09:25.943 application=indexer fetcher=block_catchup missing_block_count=0 shrunk=false [info] Index already caught up.
2024-07-13T00:09:25.943 application=indexer fetcher=block_catchup [info] Checking if index needs to catch up in 25000ms.
2024-07-13T00:09:26.229 application=indexer fetcher=empty_blocks_to_refetch [info] Start sanitizing of empty blocks. Batch size is 100
2024-07-13T00:09:26.233 application=indexer fetcher=empty_blocks_to_refetch [info] Batch of empty blocks is sanitized
2024-07-13T00:09:36.236 application=indexer fetcher=empty_blocks_to_refetch [info] Start sanitizing of empty blocks. Batch size is 100
2024-07-13T00:09:36.239 application=indexer fetcher=empty_blocks_to_refetch [info] Batch of empty blocks is sanitized
2024-07-13T00:09:46.241 application=indexer fetcher=empty_blocks_to_refetch [info] Start sanitizing of empty blocks. Batch size is 100
2024-07-13T00:09:46.245 application=indexer fetcher=empty_blocks_to_refetch [info] Batch of empty blocks is sanitized
2024-07-13T00:09:50.947 application=indexer fetcher=block_catchup missing_block_count=0 shrunk=false [info] Index already caught up.
2024-07-13T00:09:50.947 application=indexer fetcher=block_catchup [info] Checking if index needs to catch up in 25000ms.
2024-07-13T00:09:56.247 application=indexer fetcher=empty_blocks_to_refetch [info] Start sanitizing of empty blocks. Batch size is 100
2024-07-13T00:09:56.255 application=indexer fetcher=empty_blocks_to_refetch [info] Batch of empty blocks is sanitized
2024-07-13T00:20:38.964 application=indexer fetcher=block_catchup missing_block_count=0 shrunk=false [info] Index already caught up.
2024-07-13T00:20:38.964 application=indexer fetcher=block_catchup [info] Checking if index needs to catch up in 5000ms.
2024-07-13T00:20:43.968 application=indexer fetcher=block_catchup missing_block_count=0 shrunk=false [info] Index already caught up.
2024-07-13T00:20:43.968 application=indexer fetcher=block_catchup [info] Checking if index needs to catch up in 10000ms.
2024-07-13T00:20:48.953 application=indexer fetcher=empty_blocks_to_refetch [info] Start sanitizing of empty blocks. Batch size is 100
2024-07-13T00:20:48.966 application=indexer fetcher=empty_blocks_to_refetch [info] Batch of empty blocks is sanitized
2024-07-13T00:20:53.971 application=indexer fetcher=block_catchup missing_block_count=0 shrunk=false [info] Index already caught up.
2024-07-13T00:20:53.972 application=indexer fetcher=block_catchup [info] Checking if index needs to catch up in 20000ms.
2024-07-13T00:20:58.968 application=indexer fetcher=empty_blocks_to_refetch [info] Start sanitizing of empty blocks. Batch size is 100
2024-07-13T00:20:58.980 application=indexer fetcher=empty_blocks_to_refetch [info] Batch of empty blocks is sanitized
2024-07-13T00:21:08.983 application=indexer fetcher=empty_blocks_to_refetch [info] Start sanitizing of empty blocks. Batch size is 100
2024-07-13T00:21:08.996 application=indexer fetcher=empty_blocks_to_refetch [info] Batch of empty blocks is sanitized
2024-07-13T00:21:13.979 application=indexer fetcher=block_catchup missing_block_count=0 shrunk=false [info] Index already caught up.
2024-07-13T00:21:13.979 application=indexer fetcher=block_catchup [info] Checking if index needs to catch up in 25000ms.
2024-07-13T00:21:19.000 application=indexer fetcher=empty_blocks_to_refetch [info] Start sanitizing of empty blocks. Batch size is 100
2024-07-13T00:21:19.007 application=indexer fetcher=empty_blocks_to_refetch [info] Batch of empty blocks is sanitized
2024-07-13T00:21:29.008 application=indexer fetcher=empty_blocks_to_refetch [info] Start sanitizing of empty blocks. Batch size is 100
2024-07-13T00:21:29.033 application=indexer fetcher=empty_blocks_to_refetch [info] Batch of empty blocks is sanitized
2024-07-13T00:21:38.988 application=indexer fetcher=block_catchup missing_block_count=0 shrunk=false [info] Index already caught up.
2024-07-13T00:21:38.988 application=indexer fetcher=block_catchup [info] Checking if index needs to catch up in 25000ms.
2024-07-13T00:21:39.035 application=indexer fetcher=empty_blocks_to_refetch [info] Start sanitizing of empty blocks. Batch size is 100
2024-07-13T00:21:39.044 application=indexer fetcher=empty_blocks_to_refetch [info] Batch of empty blocks is sanitized
2024-07-13T00:21:49.046 application=indexer fetcher=empty_blocks_to_refetch [info] Start sanitizing of empty blocks. Batch size is 100
2024-07-13T00:21:49.060 application=indexer fetcher=empty_blocks_to_refetch [info] Batch of empty blocks is sanitized
2024-07-13T00:21:59.062 application=indexer fetcher=empty_blocks_to_refetch [info] Start sanitizing of empty blocks. Batch size is 100
2024-07-13T00:21:59.070 application=indexer fetcher=empty_blocks_to_refetch [info] Batch of empty blocks is sanitized
2024-07-13T00:22:03.990 application=indexer fetcher=block_catchup missing_block_count=0 shrunk=false [info] Index already caught up.
2024-07-13T00:22:03.991 application=indexer fetcher=block_catchup [info] Checking if index needs to catch up in 25000ms.
2024-07-13T00:22:09.072 application=indexer fetcher=empty_blocks_to_refetch [info] Start sanitizing of empty blocks. Batch size is 100
2024-07-13T00:22:09.085 application=indexer fetcher=empty_blocks_to_refetch [info] Batch of empty blocks is sanitized
2024-07-13T00:22:19.086 application=indexer fetcher=empty_blocks_to_refetch [info] Start sanitizing of empty blocks. Batch size is 100
2024-07-13T00:22:19.102 application=indexer fetcher=empty_blocks_to_refetch [info] Batch of empty blocks is sanitized
2024-07-13T00:22:28.996 application=indexer fetcher=block_catchup missing_block_count=0 shrunk=false [info] Index already caught up.
2024-07-13T00:22:28.996 application=indexer fetcher=block_catchup [info] Checking if index needs to catch up in 25000ms.
2024-07-13T00:22:29.104 application=indexer fetcher=empty_blocks_to_refetch [info] Start sanitizing of empty blocks. Batch size is 100
2024-07-13T00:22:29.110 application=indexer fetcher=empty_blocks_to_refetch [info] Batch of empty blocks is sanitized
2024-07-13T00:22:39.113 application=indexer fetcher=empty_blocks_to_refetch [info] Start sanitizing of empty blocks. Batch size is 100
2024-07-13T00:22:39.121 application=indexer fetcher=empty_blocks_to_refetch [info] Batch of empty blocks is sanitized
2024-07-13T00:22:49.127 application=indexer fetcher=empty_blocks_to_refetch [info] Start sanitizing of empty blocks. Batch size is 100
2024-07-13T00:22:49.132 application=indexer fetcher=empty_blocks_to_refetch [info] Batch of empty blocks is sanitized
2024-07-13T00:22:54.004 application=indexer fetcher=block_catchup missing_block_count=0 shrunk=false [info] Index already caught up.
2024-07-13T00:22:54.004 application=indexer fetcher=block_catchup [info] Checking if index needs to catch up in 25000ms.
2024-07-13T00:22:59.134 application=indexer fetcher=empty_blocks_to_refetch [info] Start sanitizing of empty blocks. Batch size is 100
2024-07-13T00:22:59.154 application=indexer fetcher=empty_blocks_to_refetch [info] Batch of empty blocks is sanitized
2024-07-13T00:23:09.157 application=indexer fetcher=empty_blocks_to_refetch [info] Start sanitizing of empty blocks. Batch size is 100
2024-07-13T00:23:09.165 application=indexer fetcher=empty_blocks_to_refetch [info] Batch of empty blocks is sanitized
2024-07-13T00:23:19.012 application=indexer fetcher=block_catchup missing_block_count=0 shrunk=false [info] Index already caught up.
2024-07-13T00:23:19.012 application=indexer fetcher=block_catchup [info] Checking if index needs to catch up in 25000ms.
2024-07-13T00:23:19.167 application=indexer fetcher=empty_blocks_to_refetch [info] Start sanitizing of empty blocks. Batch size is 100
2024-07-13T00:23:19.175 application=indexer fetcher=empty_blocks_to_refetch [info] Batch of empty blocks is sanitized
2024-07-13T00:23:29.177 application=indexer fetcher=empty_blocks_to_refetch [info] Start sanitizing of empty blocks. Batch size is 100
2024-07-13T00:23:29.191 application=indexer fetcher=empty_blocks_to_refetch [info] Batch of empty blocks is sanitized
2024-07-13T00:23:39.194 application=indexer fetcher=empty_blocks_to_refetch [info] Start sanitizing of empty blocks. Batch size is 100
2024-07-13T00:23:39.206 application=indexer fetcher=empty_blocks_to_refetch [info] Batch of empty blocks is sanitized
2024-07-13T00:23:44.017 application=indexer fetcher=block_catchup missing_block_count=0 shrunk=false [info] Index already caught up.
2024-07-13T00:23:44.017 application=indexer fetcher=block_catchup [info] Checking if index needs to catch up in 25000ms.
2024-07-13T00:23:49.212 application=indexer fetcher=empty_blocks_to_refetch [info] Start sanitizing of empty blocks. Batch size is 100
2024-07-13T00:23:49.229 application=indexer fetcher=empty_blocks_to_refetch [info] Batch of empty blocks is sanitized
2024-07-13T00:23:59.233 application=indexer fetcher=empty_blocks_to_refetch [info] Start sanitizing of empty blocks. Batch size is 100
2024-07-13T00:23:59.240 application=indexer fetcher=empty_blocks_to_refetch [info] Batch of empty blocks is sanitized
2024-07-13T00:24:09.024 application=indexer fetcher=block_catchup missing_block_count=0 shrunk=false [info] Index already caught up.
2024-07-13T00:24:09.024 application=indexer fetcher=block_catchup [info] Checking if index needs to catch up in 25000ms.
2024-07-13T00:24:09.244 application=indexer fetcher=empty_blocks_to_refetch [info] Start sanitizing of empty blocks. Batch size is 100
2024-07-13T00:24:09.258 application=indexer fetcher=empty_blocks_to_refetch [info] Batch of empty blocks is sanitized
2024-07-13T00:24:19.260 application=indexer fetcher=empty_blocks_to_refetch [info] Start sanitizing of empty blocks. Batch size is 100
2024-07-13T00:24:19.265 application=indexer fetcher=empty_blocks_to_refetch [info] Batch of empty blocks is sanitized
2024-07-13T00:24:29.268 application=indexer fetcher=empty_blocks_to_refetch [info] Start sanitizing of empty blocks. Batch size is 100
2024-07-13T00:24:29.275 application=indexer fetcher=empty_blocks_to_refetch [info] Batch of empty blocks is sanitized
2024-07-13T00:24:34.031 application=indexer fetcher=block_catchup missing_block_count=0 shrunk=false [info] Index already caught up.
2024-07-13T00:24:34.031 application=indexer fetcher=block_catchup [info] Checking if index needs to catch up in 25000ms.
2024-07-13T00:24:39.282 application=indexer fetcher=empty_blocks_to_refetch [info] Start sanitizing of empty blocks. Batch size is 100
2024-07-13T00:24:39.296 application=indexer fetcher=empty_blocks_to_refetch [info] Batch of empty blocks is sanitized
2024-07-13T00:24:49.299 application=indexer fetcher=empty_blocks_to_refetch [info] Start sanitizing of empty blocks. Batch size is 100
2024-07-13T00:24:49.308 application=indexer fetcher=empty_blocks_to_refetch [info] Batch of empty blocks is sanitized
2024-07-13T00:24:59.036 application=indexer fetcher=block_catchup missing_block_count=0 shrunk=false [info] Index already caught up.
2024-07-13T00:24:59.036 application=indexer fetcher=block_catchup [info] Checking if index needs to catch up in 25000ms.
2024-07-13T00:24:59.309 application=indexer fetcher=empty_blocks_to_refetch [info] Start sanitizing of empty blocks. Batch size is 100
2024-07-13T00:24:59.322 application=indexer fetcher=empty_blocks_to_refetch [info] Batch of empty blocks is sanitized
2024-07-13T00:25:09.325 application=indexer fetcher=empty_blocks_to_refetch [info] Start sanitizing of empty blocks. Batch size is 100
2024-07-13T00:25:09.336 application=indexer fetcher=empty_blocks_to_refetch [info] Batch of empty blocks is sanitized
2024-07-13T00:25:19.338 application=indexer fetcher=empty_blocks_to_refetch [info] Start sanitizing of empty blocks. Batch size is 100
2024-07-13T00:25:19.347 application=indexer fetcher=empty_blocks_to_refetch [info] Batch of empty blocks is sanitized
2024-07-13T00:25:24.043 application=indexer fetcher=block_catchup missing_block_count=0 shrunk=false [info] Index already caught up.
2024-07-13T00:25:24.043 application=indexer fetcher=block_catchup [info] Checking if index needs to catch up in 25000ms.
2024-07-13T00:25:29.349 application=indexer fetcher=empty_blocks_to_refetch [info] Start sanitizing of empty blocks. Batch size is 100
2024-07-13T00:25:29.367 application=indexer fetcher=empty_blocks_to_refetch [info] Batch of empty blocks is sanitized
2024-07-13T00:25:39.368 application=indexer fetcher=empty_blocks_to_refetch [info] Start sanitizing of empty blocks. Batch size is 100
2024-07-13T00:25:39.374 application=indexer fetcher=empty_blocks_to_refetch [info] Batch of empty blocks is sanitized
2024-07-13T00:25:49.049 application=indexer fetcher=block_catchup missing_block_count=0 shrunk=false [info] Index already caught up.
2024-07-13T00:25:49.049 application=indexer fetcher=block_catchup [info] Checking if index needs to catch up in 25000ms.
2024-07-13T00:25:49.376 application=indexer fetcher=empty_blocks_to_refetch [info] Start sanitizing of empty blocks. Batch size is 100
2024-07-13T00:25:49.382 application=indexer fetcher=empty_blocks_to_refetch [info] Batch of empty blocks is sanitized
2024-07-13T00:25:59.383 application=indexer fetcher=empty_blocks_to_refetch [info] Start sanitizing of empty blocks. Batch size is 100
2024-07-13T00:25:59.393 application=indexer fetcher=empty_blocks_to_refetch [info] Batch of empty blocks is sanitized
2024-07-13T00:26:09.397 application=indexer fetcher=empty_blocks_to_refetch [info] Start sanitizing of empty blocks. Batch size is 100
2024-07-13T00:26:09.404 application=indexer fetcher=empty_blocks_to_refetch [info] Batch of empty blocks is sanitized
2024-07-13T00:26:14.060 application=indexer fetcher=block_catchup missing_block_count=0 shrunk=false [info] Index already caught up.
2024-07-13T00:26:14.060 application=indexer fetcher=block_catchup [info] Checking if index needs to catch up in 25000ms.
2024-07-13T00:26:19.406 application=indexer fetcher=empty_blocks_to_refetch [info] Start sanitizing of empty blocks. Batch size is 100
2024-07-13T00:26:19.414 application=indexer fetcher=empty_blocks_to_refetch [info] Batch of empty blocks is sanitized
2024-07-13T00:26:29.415 application=indexer fetcher=empty_blocks_to_refetch [info] Start sanitizing of empty blocks. Batch size is 100
2024-07-13T00:26:29.426 application=indexer fetcher=empty_blocks_to_refetch [info] Batch of empty blocks is sanitized
2024-07-13T00:26:39.067 application=indexer fetcher=block_catchup missing_block_count=0 shrunk=false [info] Index already caught up.
2024-07-13T00:26:39.067 application=indexer fetcher=block_catchup [info] Checking if index needs to catch up in 25000ms.
2024-07-13T00:26:39.427 application=indexer fetcher=empty_blocks_to_refetch [info] Start sanitizing of empty blocks. Batch size is 100
2024-07-13T00:26:39.432 application=indexer fetcher=empty_blocks_to_refetch [info] Batch of empty blocks is sanitized
2024-07-13T00:26:49.438 application=indexer fetcher=empty_blocks_to_refetch [info] Start sanitizing of empty blocks. Batch size is 100
2024-07-13T00:26:49.446 application=indexer fetcher=empty_blocks_to_refetch [info] Batch of empty blocks is sanitized
2024-07-13T00:26:59.447 application=indexer fetcher=empty_blocks_to_refetch [info] Start sanitizing of empty blocks. Batch size is 100
2024-07-13T00:26:59.454 application=indexer fetcher=empty_blocks_to_refetch [info] Batch of empty blocks is sanitized
2024-07-13T00:27:04.075 application=indexer fetcher=block_catchup missing_block_count=0 shrunk=false [info] Index already caught up.
2024-07-13T00:27:04.075 application=indexer fetcher=block_catchup [info] Checking if index needs to catch up in 25000ms.
2024-07-13T00:27:09.455 application=indexer fetcher=empty_blocks_to_refetch [info] Start sanitizing of empty blocks. Batch size is 100
2024-07-13T00:27:09.464 application=indexer fetcher=empty_blocks_to_refetch [info] Batch of empty blocks is sanitized
2024-07-13T00:27:19.466 application=indexer fetcher=empty_blocks_to_refetch [info] Start sanitizing of empty blocks. Batch size is 100
2024-07-13T00:27:19.475 application=indexer fetcher=empty_blocks_to_refetch [info] Batch of empty blocks is sanitized
2024-07-13T00:27:29.079 application=indexer fetcher=block_catchup missing_block_count=0 shrunk=false [info] Index already caught up.
2024-07-13T00:27:29.079 application=indexer fetcher=block_catchup [info] Checking if index needs to catch up in 25000ms.
2024-07-13T00:27:29.478 application=indexer fetcher=empty_blocks_to_refetch [info] Start sanitizing of empty blocks. Batch size is 100
2024-07-13T00:27:29.488 application=indexer fetcher=empty_blocks_to_refetch [info] Batch of empty blocks is sanitized
2024-07-13T00:27:39.491 application=indexer fetcher=empty_blocks_to_refetch [info] Start sanitizing of empty blocks. Batch size is 100
2024-07-13T00:27:39.499 application=indexer fetcher=empty_blocks_to_refetch [info] Batch of empty blocks is sanitized
2024-07-13T00:27:49.500 application=indexer fetcher=empty_blocks_to_refetch [info] Start sanitizing of empty blocks. Batch size is 100
2024-07-13T00:27:49.507 application=indexer fetcher=empty_blocks_to_refetch [info] Batch of empty blocks is sanitized
2024-07-13T00:27:54.088 application=indexer fetcher=block_catchup missing_block_count=0 shrunk=false [info] Index already caught up.
2024-07-13T00:27:54.088 application=indexer fetcher=block_catchup [info] Checking if index needs to catch up in 25000ms.
2024-07-13T00:27:59.511 application=indexer fetcher=empty_blocks_to_refetch [info] Start sanitizing of empty blocks. Batch size is 100
2024-07-13T00:27:59.521 application=indexer fetcher=empty_blocks_to_refetch [info] Batch of empty blocks is sanitized
2024-07-13T00:28:09.523 application=indexer fetcher=empty_blocks_to_refetch [info] Start sanitizing of empty blocks. Batch size is 100
2024-07-13T00:28:09.532 application=indexer fetcher=empty_blocks_to_refetch [info] Batch of empty blocks is sanitized
2024-07-13T00:28:19.093 application=indexer fetcher=block_catchup missing_block_count=0 shrunk=false [info] Index already caught up.
2024-07-13T00:28:19.093 application=indexer fetcher=block_catchup [info] Checking if index needs to catch up in 25000ms.
2024-07-13T00:28:19.534 application=indexer fetcher=empty_blocks_to_refetch [info] Start sanitizing of empty blocks. Batch size is 100
2024-07-13T00:28:19.541 application=indexer fetcher=empty_blocks_to_refetch [info] Batch of empty blocks is sanitized
2024-07-13T00:28:29.543 application=indexer fetcher=empty_blocks_to_refetch [info] Start sanitizing of empty blocks. Batch size is 100
2024-07-13T00:28:29.551 application=indexer fetcher=empty_blocks_to_refetch [info] Batch of empty blocks is sanitized
2024-07-13T00:28:39.550 application=indexer fetcher=empty_blocks_to_refetch [info] Start sanitizing of empty blocks. Batch size is 100
2024-07-13T00:28:39.561 application=indexer fetcher=empty_blocks_to_refetch [info] Batch of empty blocks is sanitized
2024-07-13T00:28:44.098 application=indexer fetcher=block_catchup missing_block_count=0 shrunk=false [info] Index already caught up.
2024-07-13T00:28:44.098 application=indexer fetcher=block_catchup [info] Checking if index needs to catch up in 25000ms.
2024-07-13T00:28:49.564 application=indexer fetcher=empty_blocks_to_refetch [info] Start sanitizing of empty blocks. Batch size is 100
2024-07-13T00:28:49.572 application=indexer fetcher=empty_blocks_to_refetch [info] Batch of empty blocks is sanitized
2024-07-13T00:28:59.574 application=indexer fetcher=empty_blocks_to_refetch [info] Start sanitizing of empty blocks. Batch size is 100
2024-07-13T00:28:59.581 application=indexer fetcher=empty_blocks_to_refetch [info] Batch of empty blocks is sanitized
2024-07-13T00:29:09.109 application=indexer fetcher=block_catchup missing_block_count=0 shrunk=false [info] Index already caught up.
2024-07-13T00:29:09.109 application=indexer fetcher=block_catchup [info] Checking if index needs to catch up in 25000ms.
2024-07-13T00:29:09.587 application=indexer fetcher=empty_blocks_to_refetch [info] Start sanitizing of empty blocks. Batch size is 100
2024-07-13T00:29:09.593 application=indexer fetcher=empty_blocks_to_refetch [info] Batch of empty blocks is sanitized
2024-07-13T00:29:19.595 application=indexer fetcher=empty_blocks_to_refetch [info] Start sanitizing of empty blocks. Batch size is 100
2024-07-13T00:29:19.602 application=indexer fetcher=empty_blocks_to_refetch [info] Batch of empty blocks is sanitized
2024-07-13T00:29:29.604 application=indexer fetcher=empty_blocks_to_refetch [info] Start sanitizing of empty blocks. Batch size is 100
2024-07-13T00:29:29.618 application=indexer fetcher=empty_blocks_to_refetch [info] Batch of empty blocks is sanitized
2024-07-13T00:29:34.116 application=indexer fetcher=block_catchup missing_block_count=0 shrunk=false [info] Index already caught up.
2024-07-13T00:29:34.116 application=indexer fetcher=block_catchup [info] Checking if index needs to catch up in 25000ms.
2024-07-13T00:29:39.618 application=indexer fetcher=empty_blocks_to_refetch [info] Start sanitizing of empty blocks. Batch size is 100
2024-07-13T00:29:39.624 application=indexer fetcher=empty_blocks_to_refetch [info] Batch of empty blocks is sanitized
2024-07-13T00:29:49.625 application=indexer fetcher=empty_blocks_to_refetch [info] Start sanitizing of empty blocks. Batch size is 100
2024-07-13T00:29:49.631 application=indexer fetcher=empty_blocks_to_refetch [info] Batch of empty blocks is sanitized
2024-07-13T00:29:59.120 application=indexer fetcher=block_catchup missing_block_count=0 shrunk=false [info] Index already caught up.
2024-07-13T00:29:59.120 application=indexer fetcher=block_catchup [info] Checking if index needs to catch up in 25000ms.
2024-07-13T00:29:59.634 application=indexer fetcher=empty_blocks_to_refetch [info] Start sanitizing of empty blocks. Batch size is 100
2024-07-13T00:29:59.640 application=indexer fetcher=empty_blocks_to_refetch [info] Batch of empty blocks is sanitized
2024-07-13T00:30:09.643 application=indexer fetcher=empty_blocks_to_refetch [info] Start sanitizing of empty blocks. Batch size is 100
2024-07-13T00:30:09.650 application=indexer fetcher=empty_blocks_to_refetch [info] Batch of empty blocks is sanitized
2024-07-13T00:30:19.652 application=indexer fetcher=empty_blocks_to_refetch [info] Start sanitizing of empty blocks. Batch size is 100
2024-07-13T00:30:19.657 application=indexer fetcher=empty_blocks_to_refetch [info] Batch of empty blocks is sanitized
2024-07-13T00:30:24.127 application=indexer fetcher=block_catchup missing_block_count=0 shrunk=false [info] Index already caught up.
2024-07-13T00:30:24.127 application=indexer fetcher=block_catchup [info] Checking if index needs to catch up in 25000ms.
2024-07-13T00:30:29.663 application=indexer fetcher=empty_blocks_to_refetch [info] Start sanitizing of empty blocks. Batch size is 100
2024-07-13T00:30:29.668 application=indexer fetcher=empty_blocks_to_refetch [info] Batch of empty blocks is sanitized
2024-07-13T00:30:39.671 application=indexer fetcher=empty_blocks_to_refetch [info] Start sanitizing of empty blocks. Batch size is 100
2024-07-13T00:30:39.676 application=indexer fetcher=empty_blocks_to_refetch [info] Batch of empty blocks is sanitized
2024-07-13T00:30:49.133 application=indexer fetcher=block_catchup missing_block_count=0 shrunk=false [info] Index already caught up.
2024-07-13T00:30:49.133 application=indexer fetcher=block_catchup [info] Checking if index needs to catch up in 25000ms.
2024-07-13T00:30:49.676 application=indexer fetcher=empty_blocks_to_refetch [info] Start sanitizing of empty blocks. Batch size is 100
2024-07-13T00:30:49.685 application=indexer fetcher=empty_blocks_to_refetch [info] Batch of empty blocks is sanitized
2024-07-13T00:30:59.687 application=indexer fetcher=empty_blocks_to_refetch [info] Start sanitizing of empty blocks. Batch size is 100
2024-07-13T00:30:59.693 application=indexer fetcher=empty_blocks_to_refetch [info] Batch of empty blocks is sanitized
2024-07-13T00:31:09.697 application=indexer fetcher=empty_blocks_to_refetch [info] Start sanitizing of empty blocks. Batch size is 100
2024-07-13T00:31:09.702 application=indexer fetcher=empty_blocks_to_refetch [info] Batch of empty blocks is sanitized
2024-07-13T00:31:14.138 application=indexer fetcher=block_catchup missing_block_count=0 shrunk=false [info] Index already caught up.
2024-07-13T00:31:14.138 application=indexer fetcher=block_catchup [info] Checking if index needs to catch up in 25000ms.
2024-07-13T00:31:19.708 application=indexer fetcher=empty_blocks_to_refetch [info] Start sanitizing of empty blocks. Batch size is 100
2024-07-13T00:31:19.713 application=indexer fetcher=empty_blocks_to_refetch [info] Batch of empty blocks is sanitized
2024-07-13T00:31:29.716 application=indexer fetcher=empty_blocks_to_refetch [info] Start sanitizing of empty blocks. Batch size is 100
2024-07-13T00:31:29.720 application=indexer fetcher=empty_blocks_to_refetch [info] Batch of empty blocks is sanitized
2024-07-13T00:31:39.143 application=indexer fetcher=block_catchup missing_block_count=0 shrunk=false [info] Index already caught up.
2024-07-13T00:31:39.143 application=indexer fetcher=block_catchup [info] Checking if index needs to catch up in 25000ms.
2024-07-13T00:31:39.723 application=indexer fetcher=empty_blocks_to_refetch [info] Start sanitizing of empty blocks. Batch size is 100
2024-07-13T00:31:39.730 application=indexer fetcher=empty_blocks_to_refetch [info] Batch of empty blocks is sanitized
2024-07-13T00:31:49.731 application=indexer fetcher=empty_blocks_to_refetch [info] Start sanitizing of empty blocks. Batch size is 100
2024-07-13T00:31:49.737 application=indexer fetcher=empty_blocks_to_refetch [info] Batch of empty blocks is sanitized
2024-07-13T00:31:59.739 application=indexer fetcher=empty_blocks_to_refetch [info] Start sanitizing of empty blocks. Batch size is 100
2024-07-13T00:31:59.745 application=indexer fetcher=empty_blocks_to_refetch [info] Batch of empty blocks is sanitized
2024-07-13T00:32:04.150 application=indexer fetcher=block_catchup missing_block_count=0 shrunk=false [info] Index already caught up.
2024-07-13T00:32:04.150 application=indexer fetcher=block_catchup [info] Checking if index needs to catch up in 25000ms.
2024-07-13T00:32:09.746 application=indexer fetcher=empty_blocks_to_refetch [info] Start sanitizing of empty blocks. Batch size is 100
2024-07-13T00:32:09.752 application=indexer fetcher=empty_blocks_to_refetch [info] Batch of empty blocks is sanitized
2024-07-13T00:32:19.758 application=indexer fetcher=empty_blocks_to_refetch [info] Start sanitizing of empty blocks. Batch size is 100
2024-07-13T00:32:19.765 application=indexer fetcher=empty_blocks_to_refetch [info] Batch of empty blocks is sanitized
2024-07-13T00:32:29.155 application=indexer fetcher=block_catchup missing_block_count=0 shrunk=false [info] Index already caught up.
2024-07-13T00:32:29.156 application=indexer fetcher=block_catchup [info] Checking if index needs to catch up in 25000ms.
2024-07-13T00:32:29.767 application=indexer fetcher=empty_blocks_to_refetch [info] Start sanitizing of empty blocks. Batch size is 100
2024-07-13T00:32:29.777 application=indexer fetcher=empty_blocks_to_refetch [info] Batch of empty blocks is sanitized
2024-07-13T00:32:39.779 application=indexer fetcher=empty_blocks_to_refetch [info] Start sanitizing of empty blocks. Batch size is 100
2024-07-13T00:32:39.785 application=indexer fetcher=empty_blocks_to_refetch [info] Batch of empty blocks is sanitized
2024-07-13T00:32:49.786 application=indexer fetcher=empty_blocks_to_refetch [info] Start sanitizing of empty blocks. Batch size is 100
2024-07-13T00:32:49.793 application=indexer fetcher=empty_blocks_to_refetch [info] Batch of empty blocks is sanitized
2024-07-13T00:32:54.159 application=indexer fetcher=block_catchup missing_block_count=0 shrunk=false [info] Index already caught up.
2024-07-13T00:32:54.159 application=indexer fetcher=block_catchup [info] Checking if index needs to catch up in 25000ms.
2024-07-13T00:32:59.797 application=indexer fetcher=empty_blocks_to_refetch [info] Start sanitizing of empty blocks. Batch size is 100
2024-07-13T00:32:59.802 application=indexer fetcher=empty_blocks_to_refetch [info] Batch of empty blocks is sanitized
2024-07-13T00:33:09.806 application=indexer fetcher=empty_blocks_to_refetch [info] Start sanitizing of empty blocks. Batch size is 100
2024-07-13T00:33:09.812 application=indexer fetcher=empty_blocks_to_refetch [info] Batch of empty blocks is sanitized
2024-07-13T00:33:19.165 application=indexer fetcher=block_catchup missing_block_count=0 shrunk=false [info] Index already caught up.
2024-07-13T00:33:19.165 application=indexer fetcher=block_catchup [info] Checking if index needs to catch up in 25000ms.
2024-07-13T00:33:19.819 application=indexer fetcher=empty_blocks_to_refetch [info] Start sanitizing of empty blocks. Batch size is 100
2024-07-13T00:33:19.825 application=indexer fetcher=empty_blocks_to_refetch [info] Batch of empty blocks is sanitized
2024-07-13T00:33:29.826 application=indexer fetcher=empty_blocks_to_refetch [info] Start sanitizing of empty blocks. Batch size is 100
2024-07-13T00:33:29.832 application=indexer fetcher=empty_blocks_to_refetch [info] Batch of empty blocks is sanitized
2024-07-13T00:33:39.836 application=indexer fetcher=empty_blocks_to_refetch [info] Start sanitizing of empty blocks. Batch size is 100
2024-07-13T00:33:39.845 application=indexer fetcher=empty_blocks_to_refetch [info] Batch of empty blocks is sanitized
2024-07-13T00:33:44.175 application=indexer fetcher=block_catchup missing_block_count=0 shrunk=false [info] Index already caught up.
2024-07-13T00:33:44.175 application=indexer fetcher=block_catchup [info] Checking if index needs to catch up in 25000ms.
2024-07-13T00:33:49.847 application=indexer fetcher=empty_blocks_to_refetch [info] Start sanitizing of empty blocks. Batch size is 100
2024-07-13T00:33:49.855 application=indexer fetcher=empty_blocks_to_refetch [info] Batch of empty blocks is sanitized
2024-07-13T00:33:59.860 application=indexer fetcher=empty_blocks_to_refetch [info] Start sanitizing of empty blocks. Batch size is 100
2024-07-13T00:33:59.865 application=indexer fetcher=empty_blocks_to_refetch [info] Batch of empty blocks is sanitized
2024-07-13T00:34:09.181 application=indexer fetcher=block_catchup missing_block_count=0 shrunk=false [info] Index already caught up.
2024-07-13T00:34:09.181 application=indexer fetcher=block_catchup [info] Checking if index needs to catch up in 25000ms.
2024-07-13T00:34:09.870 application=indexer fetcher=empty_blocks_to_refetch [info] Start sanitizing of empty blocks. Batch size is 100
2024-07-13T00:34:09.877 application=indexer fetcher=empty_blocks_to_refetch [info] Batch of empty blocks is sanitized
2024-07-13T00:34:19.879 application=indexer fetcher=empty_blocks_to_refetch [info] Start sanitizing of empty blocks. Batch size is 100
2024-07-13T00:34:19.885 application=indexer fetcher=empty_blocks_to_refetch [info] Batch of empty blocks is sanitized
2024-07-13T00:34:29.889 application=indexer fetcher=empty_blocks_to_refetch [info] Start sanitizing of empty blocks. Batch size is 100
2024-07-13T00:34:29.897 application=indexer fetcher=empty_blocks_to_refetch [info] Batch of empty blocks is sanitized
2024-07-13T00:34:34.192 application=indexer fetcher=block_catchup missing_block_count=0 shrunk=false [info] Index already caught up.
2024-07-13T00:34:34.192 application=indexer fetcher=block_catchup [info] Checking if index needs to catch up in 25000ms.
2024-07-13T00:34:39.899 application=indexer fetcher=empty_blocks_to_refetch [info] Start sanitizing of empty blocks. Batch size is 100
2024-07-13T00:34:39.906 application=indexer fetcher=empty_blocks_to_refetch [info] Batch of empty blocks is sanitized
2024-07-13T00:34:49.911 application=indexer fetcher=empty_blocks_to_refetch [info] Start sanitizing of empty blocks. Batch size is 100
2024-07-13T00:34:49.918 application=indexer fetcher=empty_blocks_to_refetch [info] Batch of empty blocks is sanitized
2024-07-13T00:34:59.195 application=indexer fetcher=block_catchup missing_block_count=0 shrunk=false [info] Index already caught up.
2024-07-13T00:34:59.195 application=indexer fetcher=block_catchup [info] Checking if index needs to catch up in 25000ms.
2024-07-13T00:34:59.922 application=indexer fetcher=empty_blocks_to_refetch [info] Start sanitizing of empty blocks. Batch size is 100
2024-07-13T00:34:59.928 application=indexer fetcher=empty_blocks_to_refetch [info] Batch of empty blocks is sanitized
2024-07-13T00:35:09.931 application=indexer fetcher=empty_blocks_to_refetch [info] Start sanitizing of empty blocks. Batch size is 100
2024-07-13T00:35:09.940 application=indexer fetcher=empty_blocks_to_refetch [info] Batch of empty blocks is sanitized
2024-07-13T00:35:19.941 application=indexer fetcher=empty_blocks_to_refetch [info] Start sanitizing of empty blocks. Batch size is 100
2024-07-13T00:35:19.947 application=indexer fetcher=empty_blocks_to_refetch [info] Batch of empty blocks is sanitized
2024-07-13T00:35:24.199 application=indexer fetcher=block_catchup missing_block_count=0 shrunk=false [info] Index already caught up.
2024-07-13T00:35:24.199 application=indexer fetcher=block_catchup [info] Checking if index needs to catch up in 25000ms.
2024-07-13T00:35:29.949 application=indexer fetcher=empty_blocks_to_refetch [info] Start sanitizing of empty blocks. Batch size is 100
2024-07-13T00:35:29.960 application=indexer fetcher=empty_blocks_to_refetch [info] Batch of empty blocks is sanitized
2024-07-13T00:35:39.961 application=indexer fetcher=empty_blocks_to_refetch [info] Start sanitizing of empty blocks. Batch size is 100
2024-07-13T00:35:39.967 application=indexer fetcher=empty_blocks_to_refetch [info] Batch of empty blocks is sanitized
2024-07-13T00:35:49.206 application=indexer fetcher=block_catchup missing_block_count=0 shrunk=false [info] Index already caught up.
2024-07-13T00:35:49.206 application=indexer fetcher=block_catchup [info] Checking if index needs to catch up in 25000ms.
2024-07-13T00:35:49.969 application=indexer fetcher=empty_blocks_to_refetch [info] Start sanitizing of empty blocks. Batch size is 100
2024-07-13T00:35:49.980 application=indexer fetcher=empty_blocks_to_refetch [info] Batch of empty blocks is sanitized
2024-07-13T00:35:59.982 application=indexer fetcher=empty_blocks_to_refetch [info] Start sanitizing of empty blocks. Batch size is 100
2024-07-13T00:35:59.988 application=indexer fetcher=empty_blocks_to_refetch [info] Batch of empty blocks is sanitized
2024-07-13T00:36:09.989 application=indexer fetcher=empty_blocks_to_refetch [info] Start sanitizing of empty blocks. Batch size is 100
2024-07-13T00:36:10.002 application=indexer fetcher=empty_blocks_to_refetch [info] Batch of empty blocks is sanitized
2024-07-13T00:36:14.211 application=indexer fetcher=block_catchup missing_block_count=0 shrunk=false [info] Index already caught up.
2024-07-13T00:36:14.211 application=indexer fetcher=block_catchup [info] Checking if index needs to catch up in 25000ms.
2024-07-13T00:36:20.004 application=indexer fetcher=empty_blocks_to_refetch [info] Start sanitizing of empty blocks. Batch size is 100
2024-07-13T00:36:20.009 application=indexer fetcher=empty_blocks_to_refetch [info] Batch of empty blocks is sanitized
2024-07-13T00:36:30.012 application=indexer fetcher=empty_blocks_to_refetch [info] Start sanitizing of empty blocks. Batch size is 100
2024-07-13T00:36:30.018 application=indexer fetcher=empty_blocks_to_refetch [info] Batch of empty blocks is sanitized
2024-07-13T00:36:39.218 application=indexer fetcher=block_catchup missing_block_count=0 shrunk=false [info] Index already caught up.
2024-07-13T00:36:39.218 application=indexer fetcher=block_catchup [info] Checking if index needs to catch up in 25000ms.
2024-07-13T00:36:40.023 application=indexer fetcher=empty_blocks_to_refetch [info] Start sanitizing of empty blocks. Batch size is 100
2024-07-13T00:36:40.028 application=indexer fetcher=empty_blocks_to_refetch [info] Batch of empty blocks is sanitized
2024-07-13T00:36:50.031 application=indexer fetcher=empty_blocks_to_refetch [info] Start sanitizing of empty blocks. Batch size is 100
2024-07-13T00:36:50.037 application=indexer fetcher=empty_blocks_to_refetch [info] Batch of empty blocks is sanitized
2024-07-13T00:37:00.039 application=indexer fetcher=empty_blocks_to_refetch [info] Start sanitizing of empty blocks. Batch size is 100
2024-07-13T00:37:00.044 application=indexer fetcher=empty_blocks_to_refetch [info] Batch of empty blocks is sanitized
2024-07-13T00:37:04.221 application=indexer fetcher=block_catchup missing_block_count=0 shrunk=false [info] Index already caught up.
2024-07-13T00:37:04.221 application=indexer fetcher=block_catchup [info] Checking if index needs to catch up in 25000ms.
2024-07-13T00:37:10.046 application=indexer fetcher=empty_blocks_to_refetch [info] Start sanitizing of empty blocks. Batch size is 100
2024-07-13T00:37:10.050 application=indexer fetcher=empty_blocks_to_refetch [info] Batch of empty blocks is sanitized
2024-07-13T00:37:20.053 application=indexer fetcher=empty_blocks_to_refetch [info] Start sanitizing of empty blocks. Batch size is 100
2024-07-13T00:37:20.063 application=indexer fetcher=empty_blocks_to_refetch [info] Batch of empty blocks is sanitized
2024-07-13T00:37:29.228 application=indexer fetcher=block_catchup missing_block_count=0 shrunk=false [info] Index already caught up.
2024-07-13T00:37:29.228 application=indexer fetcher=block_catchup [info] Checking if index needs to catch up in 25000ms.
2024-07-13T00:37:30.065 application=indexer fetcher=empty_blocks_to_refetch [info] Start sanitizing of empty blocks. Batch size is 100
2024-07-13T00:37:30.070 application=indexer fetcher=empty_blocks_to_refetch [info] Batch of empty blocks is sanitized
2024-07-13T00:37:40.071 application=indexer fetcher=empty_blocks_to_refetch [info] Start sanitizing of empty blocks. Batch size is 100
2024-07-13T00:37:40.080 application=indexer fetcher=empty_blocks_to_refetch [info] Batch of empty blocks is sanitized
2024-07-13T00:37:50.083 application=indexer fetcher=empty_blocks_to_refetch [info] Start sanitizing of empty blocks. Batch size is 100
2024-07-13T00:37:50.089 application=indexer fetcher=empty_blocks_to_refetch [info] Batch of empty blocks is sanitized
2024-07-13T00:37:54.234 application=indexer fetcher=block_catchup missing_block_count=0 shrunk=false [info] Index already caught up.
2024-07-13T00:37:54.234 application=indexer fetcher=block_catchup [info] Checking if index needs to catch up in 25000ms.
2024-07-13T00:38:00.090 application=indexer fetcher=empty_blocks_to_refetch [info] Start sanitizing of empty blocks. Batch size is 100
2024-07-13T00:38:00.101 application=indexer fetcher=empty_blocks_to_refetch [info] Batch of empty blocks is sanitized
2024-07-13T00:38:10.104 application=indexer fetcher=empty_blocks_to_refetch [info] Start sanitizing of empty blocks. Batch size is 100
2024-07-13T00:38:10.114 application=indexer fetcher=empty_blocks_to_refetch [info] Batch of empty blocks is sanitized
2024-07-13T00:38:19.240 application=indexer fetcher=block_catchup missing_block_count=0 shrunk=false [info] Index already caught up.
2024-07-13T00:38:19.240 application=indexer fetcher=block_catchup [info] Checking if index needs to catch up in 25000ms.
2024-07-13T00:38:20.115 application=indexer fetcher=empty_blocks_to_refetch [info] Start sanitizing of empty blocks. Batch size is 100
2024-07-13T00:38:20.121 application=indexer fetcher=empty_blocks_to_refetch [info] Batch of empty blocks is sanitized
2024-07-13T00:38:30.123 application=indexer fetcher=empty_blocks_to_refetch [info] Start sanitizing of empty blocks. Batch size is 100
2024-07-13T00:38:30.130 application=indexer fetcher=empty_blocks_to_refetch [info] Batch of empty blocks is sanitized
2024-07-13T00:38:40.133 application=indexer fetcher=empty_blocks_to_refetch [info] Start sanitizing of empty blocks. Batch size is 100
2024-07-13T00:38:40.140 application=indexer fetcher=empty_blocks_to_refetch [info] Batch of empty blocks is sanitized
2024-07-13T00:38:44.250 application=indexer fetcher=block_catchup missing_block_count=0 shrunk=false [info] Index already caught up.
2024-07-13T00:38:44.250 application=indexer fetcher=block_catchup [info] Checking if index needs to catch up in 25000ms.
2024-07-13T00:38:50.144 application=indexer fetcher=empty_blocks_to_refetch [info] Start sanitizing of empty blocks. Batch size is 100
2024-07-13T00:38:50.149 application=indexer fetcher=empty_blocks_to_refetch [info] Batch of empty blocks is sanitized
2024-07-13T00:39:00.151 application=indexer fetcher=empty_blocks_to_refetch [info] Start sanitizing of empty blocks. Batch size is 100
2024-07-13T00:39:00.157 application=indexer fetcher=empty_blocks_to_refetch [info] Batch of empty blocks is sanitized
2024-07-13T00:39:09.254 application=indexer fetcher=block_catchup missing_block_count=0 shrunk=false [info] Index already caught up.
2024-07-13T00:39:09.254 application=indexer fetcher=block_catchup [info] Checking if index needs to catch up in 25000ms.
2024-07-13T00:39:10.163 application=indexer fetcher=empty_blocks_to_refetch [info] Start sanitizing of empty blocks. Batch size is 100
2024-07-13T00:39:10.169 application=indexer fetcher=empty_blocks_to_refetch [info] Batch of empty blocks is sanitized
2024-07-13T00:39:20.176 application=indexer fetcher=empty_blocks_to_refetch [info] Start sanitizing of empty blocks. Batch size is 100
2024-07-13T00:39:20.184 application=indexer fetcher=empty_blocks_to_refetch [info] Batch of empty blocks is sanitized
2024-07-13T00:39:30.188 application=indexer fetcher=empty_blocks_to_refetch [info] Start sanitizing of empty blocks. Batch size is 100
2024-07-13T00:39:30.196 application=indexer fetcher=empty_blocks_to_refetch [info] Batch of empty blocks is sanitized
2024-07-13T00:39:34.258 application=indexer fetcher=block_catchup missing_block_count=0 shrunk=false [info] Index already caught up.
2024-07-13T00:39:34.259 application=indexer fetcher=block_catchup [info] Checking if index needs to catch up in 25000ms.
2024-07-13T00:39:40.202 application=indexer fetcher=empty_blocks_to_refetch [info] Start sanitizing of empty blocks. Batch size is 100
2024-07-13T00:39:40.214 application=indexer fetcher=empty_blocks_to_refetch [info] Batch of empty blocks is sanitized
2024-07-13T00:39:50.218 application=indexer fetcher=empty_blocks_to_refetch [info] Start sanitizing of empty blocks. Batch size is 100
2024-07-13T00:39:50.223 application=indexer fetcher=empty_blocks_to_refetch [info] Batch of empty blocks is sanitized
2024-07-13T00:39:59.266 application=indexer fetcher=block_catchup missing_block_count=0 shrunk=false [info] Index already caught up.
2024-07-13T00:39:59.266 application=indexer fetcher=block_catchup [info] Checking if index needs to catch up in 25000ms.
2024-07-13T00:40:00.225 application=indexer fetcher=empty_blocks_to_refetch [info] Start sanitizing of empty blocks. Batch size is 100
2024-07-13T00:40:00.232 application=indexer fetcher=empty_blocks_to_refetch [info] Batch of empty blocks is sanitized
2024-07-13T00:40:10.234 application=indexer fetcher=empty_blocks_to_refetch [info] Start sanitizing of empty blocks. Batch size is 100
2024-07-13T00:40:10.241 application=indexer fetcher=empty_blocks_to_refetch [info] Batch of empty blocks is sanitized
2024-07-13T00:40:20.248 application=indexer fetcher=empty_blocks_to_refetch [info] Start sanitizing of empty blocks. Batch size is 100
2024-07-13T00:40:20.253 application=indexer fetcher=empty_blocks_to_refetch [info] Batch of empty blocks is sanitized
2024-07-13T00:40:24.276 application=indexer fetcher=block_catchup missing_block_count=0 shrunk=false [info] Index already caught up.
2024-07-13T00:40:24.276 application=indexer fetcher=block_catchup [info] Checking if index needs to catch up in 25000ms.
2024-07-13T00:40:30.258 application=indexer fetcher=empty_blocks_to_refetch [info] Start sanitizing of empty blocks. Batch size is 100
2024-07-13T00:40:30.264 application=indexer fetcher=empty_blocks_to_refetch [info] Batch of empty blocks is sanitized
2024-07-13T00:40:40.267 application=indexer fetcher=empty_blocks_to_refetch [info] Start sanitizing of empty blocks. Batch size is 100
2024-07-13T00:40:40.273 application=indexer fetcher=empty_blocks_to_refetch [info] Batch of empty blocks is sanitized
2024-07-13T00:40:49.288 application=indexer fetcher=block_catchup missing_block_count=0 shrunk=false [info] Index already caught up.
2024-07-13T00:40:49.288 application=indexer fetcher=block_catchup [info] Checking if index needs to catch up in 25000ms.
2024-07-13T00:40:50.275 application=indexer fetcher=empty_blocks_to_refetch [info] Start sanitizing of empty blocks. Batch size is 100
2024-07-13T00:40:50.284 application=indexer fetcher=empty_blocks_to_refetch [info] Batch of empty blocks is sanitized
2024-07-13T00:41:00.286 application=indexer fetcher=empty_blocks_to_refetch [info] Start sanitizing of empty blocks. Batch size is 100
2024-07-13T00:41:00.290 application=indexer fetcher=empty_blocks_to_refetch [info] Batch of empty blocks is sanitized
2024-07-13T00:41:10.297 application=indexer fetcher=empty_blocks_to_refetch [info] Start sanitizing of empty blocks. Batch size is 100
2024-07-13T00:41:10.317 application=indexer fetcher=empty_blocks_to_refetch [info] Batch of empty blocks is sanitized
2024-07-13T00:41:14.296 application=indexer fetcher=block_catchup missing_block_count=0 shrunk=false [info] Index already caught up.
2024-07-13T00:41:14.296 application=indexer fetcher=block_catchup [info] Checking if index needs to catch up in 25000ms.
2024-07-13T00:41:20.319 application=indexer fetcher=empty_blocks_to_refetch [info] Start sanitizing of empty blocks. Batch size is 100
2024-07-13T00:41:20.329 application=indexer fetcher=empty_blocks_to_refetch [info] Batch of empty blocks is sanitized
2024-07-13T00:41:30.331 application=indexer fetcher=empty_blocks_to_refetch [info] Start sanitizing of empty blocks. Batch size is 100
2024-07-13T00:41:30.338 application=indexer fetcher=empty_blocks_to_refetch [info] Batch of empty blocks is sanitized
2024-07-13T00:41:39.307 application=indexer fetcher=block_catchup missing_block_count=0 shrunk=false [info] Index already caught up.
2024-07-13T00:41:39.307 application=indexer fetcher=block_catchup [info] Checking if index needs to catch up in 25000ms.
2024-07-13T00:41:40.343 application=indexer fetcher=empty_blocks_to_refetch [info] Start sanitizing of empty blocks. Batch size is 100
2024-07-13T00:41:40.349 application=indexer fetcher=empty_blocks_to_refetch [info] Batch of empty blocks is sanitized
2024-07-13T00:41:50.350 application=indexer fetcher=empty_blocks_to_refetch [info] Start sanitizing of empty blocks. Batch size is 100
2024-07-13T00:41:50.358 application=indexer fetcher=empty_blocks_to_refetch [info] Batch of empty blocks is sanitized
2024-07-13T00:42:00.360 application=indexer fetcher=empty_blocks_to_refetch [info] Start sanitizing of empty blocks. Batch size is 100
2024-07-13T00:42:00.368 application=indexer fetcher=empty_blocks_to_refetch [info] Batch of empty blocks is sanitized
2024-07-13T00:42:04.311 application=indexer fetcher=block_catchup missing_block_count=0 shrunk=false [info] Index already caught up.
2024-07-13T00:42:04.311 application=indexer fetcher=block_catchup [info] Checking if index needs to catch up in 25000ms.
2024-07-13T00:42:10.371 application=indexer fetcher=empty_blocks_to_refetch [info] Start sanitizing of empty blocks. Batch size is 100
2024-07-13T00:42:10.377 application=indexer fetcher=empty_blocks_to_refetch [info] Batch of empty blocks is sanitized
2024-07-13T00:42:20.379 application=indexer fetcher=empty_blocks_to_refetch [info] Start sanitizing of empty blocks. Batch size is 100
2024-07-13T00:42:20.388 application=indexer fetcher=empty_blocks_to_refetch [info] Batch of empty blocks is sanitized
2024-07-13T00:42:29.319 application=indexer fetcher=block_catchup missing_block_count=0 shrunk=false [info] Index already caught up.
2024-07-13T00:42:29.319 application=indexer fetcher=block_catchup [info] Checking if index needs to catch up in 25000ms.
